[1125/131325.275:ERROR:process_memory_win.cc(73)] ReadMemory at 0x7ff6c3740000 of 64 bytes failed: Only part of a ReadProcessMemory or WriteProcessMemory request was completed. (0x12B)
[1125/131325.343:WARNING:pe_image_reader.cc(340)] could not read dos header from C:\Program Files (x86)\Google\Chrome\Application\chrome.exe
[1125/131325.343:ERROR:process_memory_win.cc(73)] ReadMemory at 0x7ff8e68c0000 of 64 bytes failed: Only part of a ReadProcessMemory or WriteProcessMemory request was completed. (0x12B)
[1125/131325.343:WARNING:pe_image_reader.cc(340)] could not read dos header from C:\WINDOWS\SYSTEM32\ntdll.dll
[1125/131325.344:ERROR:process_memory_win.cc(73)] ReadMemory at 0x7ff8e62a0000 of 64 bytes failed: Only part of a ReadProcessMemory or WriteProcessMemory request was completed. (0x12B)
[1125/131325.344:WARNING:pe_image_reader.cc(340)] could not read dos header from C:\WINDOWS\System32\KERNEL32.DLL
[1125/131325.345:ERROR:process_memory_win.cc(73)] ReadMemory at 0x7ff8e3970000 of 64 bytes failed: Only part of a ReadProcessMemory or WriteProcessMemory request was completed. (0x12B)
[1125/131325.345:WARNING:pe_image_reader.cc(340)] could not read dos header from C:\WINDOWS\System32\KERNELBASE.dll
[1125/131325.345:ERROR:process_memory_win.cc(73)] ReadMemory at 0x7ff8b7d30000 of 64 bytes failed: Only part of a ReadProcessMemory or WriteProcessMemory request was completed. (0x12B)
[1125/131325.345:WARNING:pe_image_reader.cc(340)] could not read dos header from C:\Program Files (x86)\Google\Chrome\Application\78.0.3904.108\chrome_elf.dll
[1125/131325.345:ERROR:process_memory_win.cc(73)] ReadMemory at 0x7ff8d8460000 of 64 bytes failed: Only part of a ReadProcessMemory or WriteProcessMemory request was completed. (0x12B)
[1125/131325.345:WARNING:pe_image_reader.cc(340)] could not read dos header from C:\WINDOWS\SYSTEM32\VERSION.dll
[1125/131325.345:ERROR:process_memory_win.cc(73)] ReadMemory at 0x7ff8e6200000 of 64 bytes failed: Only part of a ReadProcessMemory or WriteProcessMemory request was completed. (0x12B)
[1125/131325.345:WARNING:pe_image_reader.cc(340)] could not read dos header from C:\WINDOWS\System32\msvcrt.dll
[1125/131325.345:ERROR:process_memory_win.cc(73)] ReadMemory at 0x7ff8e4570000 of 64 bytes failed: Only part of a ReadProcessMemory or WriteProcessMemory request was completed. (0x12B)
[1125/131325.345:WARNING:pe_image_reader.cc(340)] could not read dos header from C:\WINDOWS\System32\bcryptPrimitives.dll
[1125/131325.345:ERROR:process_memory_win.cc(73)] ReadMemory at 0x7ff8e5ac0000 of 64 bytes failed: Only part of a ReadProcessMemory or WriteProcessMemory request was completed. (0x12B)
[1125/131325.345:WARNING:pe_image_reader.cc(340)] could not read dos header from C:\WINDOWS\System32\ADVAPI32.dll
[1125/131325.346:ERROR:process_memory_win.cc(73)] ReadMemory at 0x7ff8e59c0000 of 64 bytes failed: Only part of a ReadProcessMemory or WriteProcessMemory request was completed. (0x12B)
[1125/131325.346:WARNING:pe_image_reader.cc(340)] could not read dos header from C:\WINDOWS\System32\sechost.dll
[1125/131325.346:ERROR:process_memory_win.cc(73)] ReadMemory at 0x7ff8e63d0000 of 64 bytes failed: Only part of a ReadProcessMemory or WriteProcessMemory request was completed. (0x12B)
[1125/131325.346:WARNING:pe_image_reader.cc(340)] could not read dos header from C:\WINDOWS\System32\RPCRT4.dll
[1125/131325.346:ERROR:process_memory_win.cc(73)] ReadMemory at 0x7ff88c300000 of 64 bytes failed: Only part of a ReadProcessMemory or WriteProcessMemory request was completed. (0x12B)
[1125/131325.346:WARNING:pe_image_reader.cc(340)] could not read dos header from C:\Program Files (x86)\Google\Chrome\Application\78.0.3904.108\chrome_child.dll
[1125/131325.346:ERROR:process_memory_win.cc(73)] ReadMemory at 0x7ff8e67a0000 of 64 bytes failed: Only part of a ReadProcessMemory or WriteProcessMemory request was completed. (0x12B)
[1125/131325.346:WARNING:pe_image_reader.cc(340)] could not read dos header from C:\WINDOWS\System32\OLEAUT32.dll
[1125/131325.346:ERROR:process_memory_win.cc(73)] ReadMemory at 0x7ff8e44d0000 of 64 bytes failed: Only part of a ReadProcessMemory or WriteProcessMemory request was completed. (0x12B)
[1125/131325.346:WARNING:pe_image_reader.cc(340)] could not read dos header from C:\WINDOWS\System32\msvcp_win.dll
[1125/131325.346:ERROR:process_memory_win.cc(73)] ReadMemory at 0x7ff8e43d0000 of 64 bytes failed: Only part of a ReadProcessMemory or WriteProcessMemory request was completed. (0x12B)
[1125/131325.347:WARNING:pe_image_reader.cc(340)] could not read dos header from C:\WINDOWS\System32\ucrtbase.dll
[1125/131325.347:ERROR:process_memory_win.cc(73)] ReadMemory at 0x7ff8e4ab0000 of 64 bytes failed: Only part of a ReadProcessMemory or WriteProcessMemory request was completed. (0x12B)
[1125/131325.347:WARNING:pe_image_reader.cc(340)] could not read dos header from C:\WINDOWS\System32\combase.dll
[1125/131325.347:ERROR:process_memory_win.cc(73)] ReadMemory at 0x7ff8e64f0000 of 64 bytes failed: Only part of a ReadProcessMemory or WriteProcessMemory request was completed. (0x12B)
[1125/131325.347:WARNING:pe_image_reader.cc(340)] could not read dos header from C:\WINDOWS\System32\WS2_32.dll
[1125/131325.347:ERROR:process_memory_win.cc(73)] ReadMemory at 0x7ff8e4910000 of 64 bytes failed: Only part of a ReadProcessMemory or WriteProcessMemory request was completed. (0x12B)
[1125/131325.347:WARNING:pe_image_reader.cc(340)] could not read dos header from C:\WINDOWS\System32\WINTRUST.dll
[1125/131325.347:ERROR:process_memory_win.cc(73)] ReadMemory at 0x7ff8e3830000 of 64 bytes failed: Only part of a ReadProcessMemory or WriteProcessMemory request was completed. (0x12B)
[1125/131325.347:WARNING:pe_image_reader.cc(340)] could not read dos header from C:\WINDOWS\System32\MSASN1.dll
[1125/131325.347:ERROR:process_memory_win.cc(73)] ReadMemory at 0x7ff8e4620000 of 64 bytes failed: Only part of a ReadProcessMemory or WriteProcessMemory request was completed. (0x12B)
[1125/131325.347:WARNING:pe_image_reader.cc(340)] could not read dos header from C:\WINDOWS\System32\CRYPT32.dll
[1125/131325.347:ERROR:process_memory_win.cc(73)] ReadMemory at 0x7ff8e2cb0000 of 64 bytes failed: Only part of a ReadProcessMemory or WriteProcessMemory request was completed. (0x12B)
[1125/131325.347:WARNING:pe_image_reader.cc(340)] could not read dos header from C:\WINDOWS\SYSTEM32\IPHLPAPI.DLL
[1125/131325.348:ERROR:process_memory_win.cc(73)] ReadMemory at 0x7ff8e0150000 of 64 bytes failed: Only part of a ReadProcessMemory or WriteProcessMemory request was completed. (0x12B)
[1125/131325.348:WARNING:pe_image_reader.cc(340)] could not read dos header from C:\WINDOWS\SYSTEM32\WINMM.dll
[1125/131325.348:ERROR:process_memory_win.cc(73)] ReadMemory at 0x7ff8e3680000 of 64 bytes failed: Only part of a ReadProcessMemory or WriteProcessMemory request was completed. (0x12B)
[1125/131325.348:WARNING:pe_image_reader.cc(340)] could not read dos header from C:\WINDOWS\SYSTEM32\USERENV.dll
[1125/131325.348:ERROR:process_memory_win.cc(73)] ReadMemory at 0x7ff8e3810000 of 64 bytes failed: Only part of a ReadProcessMemory or WriteProcessMemory request was completed. (0x12B)
[1125/131325.348:WARNING:pe_image_reader.cc(340)] could not read dos header from C:\WINDOWS\System32\profapi.dll
[1125/131325.348:ERROR:process_memory_win.cc(73)] ReadMemory at 0x7ff8d5440000 of 64 bytes failed: Only part of a ReadProcessMemory or WriteProcessMemory request was completed. (0x12B)
[1125/131325.348:WARNING:pe_image_reader.cc(340)] could not read dos header from C:\WINDOWS\SYSTEM32\DWrite.dll
[1125/131325.348:ERROR:process_memory_win.cc(73)] ReadMemory at 0x7ff8d3230000 of 64 bytes failed: Only part of a ReadProcessMemory or WriteProcessMemory request was completed. (0x12B)
[1125/131325.348:WARNING:pe_image_reader.cc(340)] could not read dos header from C:\WINDOWS\SYSTEM32\WINSPOOL.DRV
[1125/131325.348:ERROR:process_memory_win.cc(73)] ReadMemory at 0x7ff8e37a0000 of 64 bytes failed: Only part of a ReadProcessMemory or WriteProcessMemory request was completed. (0x12B)
[1125/131325.348:WARNING:pe_image_reader.cc(340)] could not read dos header from C:\WINDOWS\System32\kernel.appcore.dll
[1125/131325.348:ERROR:process_memory_win.cc(73)] ReadMemory at 0x7ff8e45f0000 of 64 bytes failed: Only part of a ReadProcessMemory or WriteProcessMemory request was completed. (0x12B)
[1125/131325.349:WARNING:pe_image_reader.cc(340)] could not read dos header from C:\WINDOWS\System32\bcrypt.dll
[1125/131325.349:ERROR:process_memory_win.cc(73)] ReadMemory at 0x7ff8e2070000 of 64 bytes failed: Only part of a ReadProcessMemory or WriteProcessMemory request was completed. (0x12B)
[1125/131325.349:WARNING:pe_image_reader.cc(340)] could not read dos header from C:\WINDOWS\SYSTEM32\dbghelp.dll
[1125/131325.349:ERROR:process_memory_win.cc(73)] ReadMemory at 0x7ff8d1510000 of 64 bytes failed: Only part of a ReadProcessMemory or WriteProcessMemory request was completed. (0x12B)
[1125/131325.349:WARNING:pe_image_reader.cc(340)] could not read dos header from C:\WINDOWS\SYSTEM32\Secur32.dll
[1125/131325.349:ERROR:process_memory_win.cc(73)] ReadMemory at 0x7ff8d9530000 of 64 bytes failed: Only part of a ReadProcessMemory or WriteProcessMemory request was completed. (0x12B)
[1125/131325.349:WARNING:pe_image_reader.cc(340)] could not read dos header from C:\WINDOWS\SYSTEM32\WINHTTP.dll
[1125/131325.349:ERROR:process_memory_win.cc(73)] ReadMemory at 0x7ff8d8500000 of 64 bytes failed: Only part of a ReadProcessMemory or WriteProcessMemory request was completed. (0x12B)
[1125/131325.349:WARNING:pe_image_reader.cc(340)] could not read dos header from C:\WINDOWS\SYSTEM32\dhcpcsvc.DLL
[1125/131325.349:ERROR:process_memory_win.cc(73)] ReadMemory at 0x7ff8e6870000 of 64 bytes failed: Only part of a ReadProcessMemory or WriteProcessMemory request was completed. (0x12B)
[1125/131325.349:WARNING:pe_image_reader.cc(340)] could not read dos header from C:\WINDOWS\System32\NSI.dll
[1125/131325.350:ERROR:process_memory_win.cc(73)] ReadMemory at 0x7ff8e0120000 of 64 bytes failed: Only part of a ReadProcessMemory or WriteProcessMemory request was completed. (0x12B)
[1125/131325.350:WARNING:pe_image_reader.cc(340)] could not read dos header from C:\WINDOWS\SYSTEM32\WINMMBASE.dll
[1125/131325.350:ERROR:process_memory_win.cc(73)] ReadMemory at 0x7ff8e3900000 of 64 bytes failed: Only part of a ReadProcessMemory or WriteProcessMemory request was completed. (0x12B)
[1125/131325.350:WARNING:pe_image_reader.cc(340)] could not read dos header from C:\WINDOWS\System32\cfgmgr32.dll
[1125/131325.350:ERROR:process_memory_win.cc(73)] ReadMemory at 0x7ff8dfd70000 of 64 bytes failed: Only part of a ReadProcessMemory or WriteProcessMemory request was completed. (0x12B)
[1125/131325.350:WARNING:pe_image_reader.cc(340)] could not read dos header from C:\WINDOWS\SYSTEM32\PROPSYS.dll
[1125/131325.350:ERROR:process_memory_win.cc(73)] ReadMemory at 0x7ff8e5ba0000 of 64 bytes failed: Only part of a ReadProcessMemory or WriteProcessMemory request was completed. (0x12B)
[1125/131325.350:WARNING:pe_image_reader.cc(340)] could not read dos header from C:\WINDOWS\System32\shcore.dll
[1125/131325.350:ERROR:process_memory_win.cc(73)] ReadMemory at 0x7ff8e36b0000 of 64 bytes failed: Only part of a ReadProcessMemory or WriteProcessMemory request was completed. (0x12B)
[1125/131325.350:WARNING:pe_image_reader.cc(340)] could not read dos header from C:\WINDOWS\SYSTEM32\SSPICLI.DLL
[1125/131325.350:ERROR:process_memory_win.cc(73)] ReadMemory at 0x7ff8e3170000 of 64 bytes failed: Only part of a ReadProcessMemory or WriteProcessMemory request was completed. (0x12B)
[1125/131325.350:WARNING:pe_image_reader.cc(340)] could not read dos header from C:\WINDOWS\SYSTEM32\CRYPTBASE.DLL
[1125/131325.351:ERROR:process_memory_win.cc(73)] ReadMemory at 0x7ff6c3740000 of 64 bytes failed: Only part of a ReadProcessMemory or WriteProcessMemory request was completed. (0x12B)
[1125/131325.351:WARNING:pe_image_reader.cc(340)] could not read dos header from C:\Program Files (x86)\Google\Chrome\Application\chrome.exe
[1125/131325.351:ERROR:process_memory_win.cc(73)] ReadMemory at 0x7ff8e68c0000 of 64 bytes failed: Only part of a ReadProcessMemory or WriteProcessMemory request was completed. (0x12B)
[1125/131325.351:WARNING:pe_image_reader.cc(340)] could not read dos header from C:\WINDOWS\SYSTEM32\ntdll.dll
[1125/131325.351:ERROR:process_memory_win.cc(73)] ReadMemory at 0x7ff8e62a0000 of 64 bytes failed: Only part of a ReadProcessMemory or WriteProcessMemory request was completed. (0x12B)
[1125/131325.351:WARNING:pe_image_reader.cc(340)] could not read dos header from C:\WINDOWS\System32\KERNEL32.DLL
[1125/131325.351:ERROR:process_memory_win.cc(73)] ReadMemory at 0x7ff8e3970000 of 64 bytes failed: Only part of a ReadProcessMemory or WriteProcessMemory request was completed. (0x12B)
[1125/131325.351:WARNING:pe_image_reader.cc(340)] could not read dos header from C:\WINDOWS\System32\KERNELBASE.dll
[1125/131325.351:ERROR:process_memory_win.cc(73)] ReadMemory at 0x7ff8b7d30000 of 64 bytes failed: Only part of a ReadProcessMemory or WriteProcessMemory request was completed. (0x12B)
[1125/131325.351:WARNING:pe_image_reader.cc(340)] could not read dos header from C:\Program Files (x86)\Google\Chrome\Application\78.0.3904.108\chrome_elf.dll
[1125/131325.351:ERROR:process_memory_win.cc(73)] ReadMemory at 0x7ff8d8460000 of 64 bytes failed: Only part of a ReadProcessMemory or WriteProcessMemory request was completed. (0x12B)
[1125/131325.351:WARNING:pe_image_reader.cc(340)] could not read dos header from C:\WINDOWS\SYSTEM32\VERSION.dll
[1125/131325.352:ERROR:process_memory_win.cc(73)] ReadMemory at 0x7ff8e6200000 of 64 bytes failed: Only part of a ReadProcessMemory or WriteProcessMemory request was completed. (0x12B)
[1125/131325.352:WARNING:pe_image_reader.cc(340)] could not read dos header from C:\WINDOWS\System32\msvcrt.dll
[1125/131325.352:ERROR:process_memory_win.cc(73)] ReadMemory at 0x7ff8e4570000 of 64 bytes failed: Only part of a ReadProcessMemory or WriteProcessMemory request was completed. (0x12B)
[1125/131325.352:WARNING:pe_image_reader.cc(340)] could not read dos header from C:\WINDOWS\System32\bcryptPrimitives.dll
[1125/131325.352:ERROR:process_memory_win.cc(73)] ReadMemory at 0x7ff8e5ac0000 of 64 bytes failed: Only part of a ReadProcessMemory or WriteProcessMemory request was completed. (0x12B)
[1125/131325.352:WARNING:pe_image_reader.cc(340)] could not read dos header from C:\WINDOWS\System32\ADVAPI32.dll
[1125/131325.352:ERROR:process_memory_win.cc(73)] ReadMemory at 0x7ff8e59c0000 of 64 bytes failed: Only part of a ReadProcessMemory or WriteProcessMemory request was completed. (0x12B)
[1125/131325.352:WARNING:pe_image_reader.cc(340)] could not read dos header from C:\WINDOWS\System32\sechost.dll
[1125/131325.352:ERROR:process_memory_win.cc(73)] ReadMemory at 0x7ff8e63d0000 of 64 bytes failed: Only part of a ReadProcessMemory or WriteProcessMemory request was completed. (0x12B)
[1125/131325.352:WARNING:pe_image_reader.cc(340)] could not read dos header from C:\WINDOWS\System32\RPCRT4.dll
[1125/131325.352:ERROR:process_memory_win.cc(73)] ReadMemory at 0x7ff88c300000 of 64 bytes failed: Only part of a ReadProcessMemory or WriteProcessMemory request was completed. (0x12B)
[1125/131325.352:WARNING:pe_image_reader.cc(340)] could not read dos header from C:\Program Files (x86)\Google\Chrome\Application\78.0.3904.108\chrome_child.dll
[1125/131325.352:ERROR:process_memory_win.cc(73)] ReadMemory at 0x7ff8e67a0000 of 64 bytes failed: Only part of a ReadProcessMemory or WriteProcessMemory request was completed. (0x12B)
[1125/131325.353:WARNING:pe_image_reader.cc(340)] could not read dos header from C:\WINDOWS\System32\OLEAUT32.dll
[1125/131325.353:ERROR:process_memory_win.cc(73)] ReadMemory at 0x7ff8e44d0000 of 64 bytes failed: Only part of a ReadProcessMemory or WriteProcessMemory request was completed. (0x12B)
[1125/131325.353:WARNING:pe_image_reader.cc(340)] could not read dos header from C:\WINDOWS\System32\msvcp_win.dll
[1125/131325.353:ERROR:process_memory_win.cc(73)] ReadMemory at 0x7ff8e43d0000 of 64 bytes failed: Only part of a ReadProcessMemory or WriteProcessMemory request was completed. (0x12B)
[1125/131325.353:WARNING:pe_image_reader.cc(340)] could not read dos header from C:\WINDOWS\System32\ucrtbase.dll
[1125/131325.353:ERROR:process_memory_win.cc(73)] ReadMemory at 0x7ff8e4ab0000 of 64 bytes failed: Only part of a ReadProcessMemory or WriteProcessMemory request was completed. (0x12B)
[1125/131325.353:WARNING:pe_image_reader.cc(340)] could not read dos header from C:\WINDOWS\System32\combase.dll
[1125/131325.353:ERROR:process_memory_win.cc(73)] ReadMemory at 0x7ff8e64f0000 of 64 bytes failed: Only part of a ReadProcessMemory or WriteProcessMemory request was completed. (0x12B)
[1125/131325.353:WARNING:pe_image_reader.cc(340)] could not read dos header from C:\WINDOWS\System32\WS2_32.dll
[1125/131325.353:ERROR:process_memory_win.cc(73)] ReadMemory at 0x7ff8e4910000 of 64 bytes failed: Only part of a ReadProcessMemory or WriteProcessMemory request was completed. (0x12B)
[1125/131325.353:WARNING:pe_image_reader.cc(340)] could not read dos header from C:\WINDOWS\System32\WINTRUST.dll
[1125/131325.354:ERROR:process_memory_win.cc(73)] ReadMemory at 0x7ff8e3830000 of 64 bytes failed: Only part of a ReadProcessMemory or WriteProcessMemory request was completed. (0x12B)
[1125/131325.354:WARNING:pe_image_reader.cc(340)] could not read dos header from C:\WINDOWS\System32\MSASN1.dll
[1125/131325.354:ERROR:process_memory_win.cc(73)] ReadMemory at 0x7ff8e4620000 of 64 bytes failed: Only part of a ReadProcessMemory or WriteProcessMemory request was completed. (0x12B)
[1125/131325.354:WARNING:pe_image_reader.cc(340)] could not read dos header from C:\WINDOWS\System32\CRYPT32.dll
[1125/131325.354:ERROR:process_memory_win.cc(73)] ReadMemory at 0x7ff8e2cb0000 of 64 bytes failed: Only part of a ReadProcessMemory or WriteProcessMemory request was completed. (0x12B)
[1125/131325.354:WARNING:pe_image_reader.cc(340)] could not read dos header from C:\WINDOWS\SYSTEM32\IPHLPAPI.DLL
[1125/131325.354:ERROR:process_memory_win.cc(73)] ReadMemory at 0x7ff8e0150000 of 64 bytes failed: Only part of a ReadProcessMemory or WriteProcessMemory request was completed. (0x12B)
[1125/131325.354:WARNING:pe_image_reader.cc(340)] could not read dos header from C:\WINDOWS\SYSTEM32\WINMM.dll
[1125/131325.354:ERROR:process_memory_win.cc(73)] ReadMemory at 0x7ff8e3680000 of 64 bytes failed: Only part of a ReadProcessMemory or WriteProcessMemory request was completed. (0x12B)
[1125/131325.354:WARNING:pe_image_reader.cc(340)] could not read dos header from C:\WINDOWS\SYSTEM32\USERENV.dll
[1125/131325.354:ERROR:process_memory_win.cc(73)] ReadMemory at 0x7ff8e3810000 of 64 bytes failed: Only part of a ReadProcessMemory or WriteProcessMemory request was completed. (0x12B)
[1125/131325.354:WARNING:pe_image_reader.cc(340)] could not read dos header from C:\WINDOWS\System32\profapi.dll
[1125/131325.355:ERROR:process_memory_win.cc(73)] ReadMemory at 0x7ff8d5440000 of 64 bytes failed: Only part of a ReadProcessMemory or WriteProcessMemory request was completed. (0x12B)
[1125/131325.355:WARNING:pe_image_reader.cc(340)] could not read dos header from C:\WINDOWS\SYSTEM32\DWrite.dll
[1125/131325.355:ERROR:process_memory_win.cc(73)] ReadMemory at 0x7ff8d3230000 of 64 bytes failed: Only part of a ReadProcessMemory or WriteProcessMemory request was completed. (0x12B)
[1125/131325.355:WARNING:pe_image_reader.cc(340)] could not read dos header from C:\WINDOWS\SYSTEM32\WINSPOOL.DRV
[1125/131325.355:ERROR:process_memory_win.cc(73)] ReadMemory at 0x7ff8e37a0000 of 64 bytes failed: Only part of a ReadProcessMemory or WriteProcessMemory request was completed. (0x12B)
[1125/131325.355:WARNING:pe_image_reader.cc(340)] could not read dos header from C:\WINDOWS\System32\kernel.appcore.dll
[1125/131325.355:ERROR:process_memory_win.cc(73)] ReadMemory at 0x7ff8e45f0000 of 64 bytes failed: Only part of a ReadProcessMemory or WriteProcessMemory request was completed. (0x12B)
[1125/131325.355:WARNING:pe_image_reader.cc(340)] could not read dos header from C:\WINDOWS\System32\bcrypt.dll
[1125/131325.355:ERROR:process_memory_win.cc(73)] ReadMemory at 0x7ff8e2070000 of 64 bytes failed: Only part of a ReadProcessMemory or WriteProcessMemory request was completed. (0x12B)
[1125/131325.355:WARNING:pe_image_reader.cc(340)] could not read dos header from C:\WINDOWS\SYSTEM32\dbghelp.dll
[1125/131325.355:ERROR:process_memory_win.cc(73)] ReadMemory at 0x7ff8d1510000 of 64 bytes failed: Only part of a ReadProcessMemory or WriteProcessMemory request was completed. (0x12B)
[1125/131325.355:WARNING:pe_image_reader.cc(340)] could not read dos header from C:\WINDOWS\SYSTEM32\Secur32.dll
[1125/131325.355:ERROR:process_memory_win.cc(73)] ReadMemory at 0x7ff8d9530000 of 64 bytes failed: Only part of a ReadProcessMemory or WriteProcessMemory request was completed. (0x12B)
[1125/131325.356:WARNING:pe_image_reader.cc(340)] could not read dos header from C:\WINDOWS\SYSTEM32\WINHTTP.dll
[1125/131325.356:ERROR:process_memory_win.cc(73)] ReadMemory at 0x7ff8d8500000 of 64 bytes failed: Only part of a ReadProcessMemory or WriteProcessMemory request was completed. (0x12B)
[1125/131325.356:WARNING:pe_image_reader.cc(340)] could not read dos header from C:\WINDOWS\SYSTEM32\dhcpcsvc.DLL
[1125/131325.356:ERROR:process_memory_win.cc(73)] ReadMemory at 0x7ff8e6870000 of 64 bytes failed: Only part of a ReadProcessMemory or WriteProcessMemory request was completed. (0x12B)
[1125/131325.356:WARNING:pe_image_reader.cc(340)] could not read dos header from C:\WINDOWS\System32\NSI.dll
[1125/131325.356:ERROR:process_memory_win.cc(73)] ReadMemory at 0x7ff8e0120000 of 64 bytes failed: Only part of a ReadProcessMemory or WriteProcessMemory request was completed. (0x12B)
[1125/131325.356:WARNING:pe_image_reader.cc(340)] could not read dos header from C:\WINDOWS\SYSTEM32\WINMMBASE.dll
[1125/131325.356:ERROR:process_memory_win.cc(73)] ReadMemory at 0x7ff8e3900000 of 64 bytes failed: Only part of a ReadProcessMemory or WriteProcessMemory request was completed. (0x12B)
[1125/131325.356:WARNING:pe_image_reader.cc(340)] could not read dos header from C:\WINDOWS\System32\cfgmgr32.dll
[1125/131325.356:ERROR:process_memory_win.cc(73)] ReadMemory at 0x7ff8dfd70000 of 64 bytes failed: Only part of a ReadProcessMemory or WriteProcessMemory request was completed. (0x12B)
[1125/131325.356:WARNING:pe_image_reader.cc(340)] could not read dos header from C:\WINDOWS\SYSTEM32\PROPSYS.dll
[1125/131325.356:ERROR:process_memory_win.cc(73)] ReadMemory at 0x7ff8e5ba0000 of 64 bytes failed: Only part of a ReadProcessMemory or WriteProcessMemory request was completed. (0x12B)
[1125/131325.356:WARNING:pe_image_reader.cc(340)] could not read dos header from C:\WINDOWS\System32\shcore.dll
[1125/131325.357:ERROR:process_memory_win.cc(73)] ReadMemory at 0x7ff8e36b0000 of 64 bytes failed: Only part of a ReadProcessMemory or WriteProcessMemory request was completed. (0x12B)
[1125/131325.357:WARNING:pe_image_reader.cc(340)] could not read dos header from C:\WINDOWS\SYSTEM32\SSPICLI.DLL
[1125/131325.357:ERROR:process_memory_win.cc(73)] ReadMemory at 0x7ff8e3170000 of 64 bytes failed: Only part of a ReadProcessMemory or WriteProcessMemory request was completed. (0x12B)
[1125/131325.357:WARNING:pe_image_reader.cc(340)] could not read dos header from C:\WINDOWS\SYSTEM32\CRYPTBASE.DLL
[1125/131325.412:ERROR:process_memory_win.cc(73)] ReadMemory at 0xa169ea000 of 90112 bytes failed: Only part of a ReadProcessMemory or WriteProcessMemory request was completed. (0x12B)
[1125/131325.435:ERROR:process_memory_win.cc(73)] ReadMemory at 0xa171fd000 of 12288 bytes failed: Only part of a ReadProcessMemory or WriteProcessMemory request was completed. (0x12B)
[1125/131325.435:ERROR:process_memory_win.cc(73)] ReadMemory at 0xa181fd000 of 12288 bytes failed: Only part of a ReadProcessMemory or WriteProcessMemory request was completed. (0x12B)
[1125/131325.435:ERROR:process_memory_win.cc(73)] ReadMemory at 0xa189fc000 of 16384 bytes failed: Only part of a ReadProcessMemory or WriteProcessMemory request was completed. (0x12B)
[1125/131325.436:ERROR:process_memory_win.cc(73)] ReadMemory at 0xa191ff000 of 4096 bytes failed: Only part of a ReadProcessMemory or WriteProcessMemory request was completed. (0x12B)
[1125/131325.436:ERROR:process_memory_win.cc(73)] ReadMemory at 0xa199fd000 of 12288 bytes failed: Only part of a ReadProcessMemory or WriteProcessMemory request was completed. (0x12B)
[1125/131325.436:ERROR:process_memory_win.cc(73)] ReadMemory at 0xa1a1fc000 of 16384 bytes failed: Only part of a ReadProcessMemory or WriteProcessMemory request was completed. (0x12B)
[1125/131325.436:ERROR:process_memory_win.cc(73)] ReadMemory at 0xa1b1fd000 of 12288 bytes failed: Only part of a ReadProcessMemory or WriteProcessMemory request was completed. (0x12B)
[1125/131325.437:ERROR:process_memory_win.cc(73)] ReadMemory at 0xa1b9fd000 of 12288 bytes failed: Only part of a ReadProcessMemory or WriteProcessMemory request was completed. (0x12B)
[1125/131325.437:ERROR:process_memory_win.cc(73)] ReadMemory at 0xa1c1fd000 of 12288 bytes failed: Only part of a ReadProcessMemory or WriteProcessMemory request was completed. (0x12B)
[1125/131325.437:ERROR:process_memory_win.cc(73)] ReadMemory at 0xa1d9f8000 of 32768 bytes failed: Only part of a ReadProcessMemory or WriteProcessMemory request was completed. (0x12B)
[1125/131325.437:ERROR:process_memory_win.cc(73)] ReadMemory at 0xa1e1f6000 of 40960 bytes failed: Only part of a ReadProcessMemory or WriteProcessMemory request was completed. (0x12B)
[1125/131325.437:ERROR:process_memory_win.cc(73)] ReadMemory at 0xa1e9fc000 of 16384 bytes failed: Only part of a ReadProcessMemory or WriteProcessMemory request was completed. (0x12B)
[1125/131325.438:ERROR:process_memory_win.cc(73)] ReadMemory at 0xa1f1fd000 of 12288 bytes failed: Only part of a ReadProcessMemory or WriteProcessMemory request was completed. (0x12B)
[1125/131325.438:ERROR:process_memory_win.cc(73)] ReadMemory at 0xa179fd000 of 12288 bytes failed: Only part of a ReadProcessMemory or WriteProcessMemory request was completed. (0x12B)
[1125/131325.438:ERROR:process_memory_win.cc(73)] ReadMemory at 0xa1a9fd000 of 12288 bytes failed: Only part of a ReadProcessMemory or WriteProcessMemory request was completed. (0x12B)
[1125/131325.438:ERROR:process_memory_win.cc(73)] ReadMemory at 0xa1c9fe000 of 8192 bytes failed: Only part of a ReadProcessMemory or WriteProcessMemory request was completed. (0x12B)
[1125/131325.439:ERROR:process_memory_win.cc(73)] ReadMemory at 0xa16169000 of 852 bytes failed: Only part of a ReadProcessMemory or WriteProcessMemory request was completed. (0x12B)
[1125/131325.439:ERROR:process_memory_win.cc(73)] ReadMemory at 0xa1616a000 of 6024 bytes failed: Only part of a ReadProcessMemory or WriteProcessMemory request was completed. (0x12B)
[1125/131325.439:ERROR:process_memory_win.cc(73)] ReadMemory at 0xa1616c000 of 6024 bytes failed: Only part of a ReadProcessMemory or WriteProcessMemory request was completed. (0x12B)
[1125/131325.439:ERROR:process_memory_win.cc(73)] ReadMemory at 0xa16170000 of 6024 bytes failed: Only part of a ReadProcessMemory or WriteProcessMemory request was completed. (0x12B)
[1125/131325.439:ERROR:process_memory_win.cc(73)] ReadMemory at 0xa16172000 of 6024 bytes failed: Only part of a ReadProcessMemory or WriteProcessMemory request was completed. (0x12B)
[1125/131325.440:ERROR:process_memory_win.cc(73)] ReadMemory at 0xa16174000 of 6024 bytes failed: Only part of a ReadProcessMemory or WriteProcessMemory request was completed. (0x12B)
[1125/131325.440:ERROR:process_memory_win.cc(73)] ReadMemory at 0xa16176000 of 6024 bytes failed: Only part of a ReadProcessMemory or WriteProcessMemory request was completed. (0x12B)
[1125/131325.440:ERROR:process_memory_win.cc(73)] ReadMemory at 0xa16178000 of 6024 bytes failed: Only part of a ReadProcessMemory or WriteProcessMemory request was completed. (0x12B)
[1125/131325.440:ERROR:process_memory_win.cc(73)] ReadMemory at 0xa1617c000 of 6024 bytes failed: Only part of a ReadProcessMemory or WriteProcessMemory request was completed. (0x12B)
[1125/131325.440:ERROR:process_memory_win.cc(73)] ReadMemory at 0xa1617e000 of 6024 bytes failed: Only part of a ReadProcessMemory or WriteProcessMemory request was completed. (0x12B)
[1125/131325.440:ERROR:process_memory_win.cc(73)] ReadMemory at 0xa16180000 of 6024 bytes failed: Only part of a ReadProcessMemory or WriteProcessMemory request was completed. (0x12B)
[1125/131325.441:ERROR:process_memory_win.cc(73)] ReadMemory at 0xa1618a000 of 6024 bytes failed: Only part of a ReadProcessMemory or WriteProcessMemory request was completed. (0x12B)
[1125/131325.441:ERROR:process_memory_win.cc(73)] ReadMemory at 0xa1618c000 of 6024 bytes failed: Only part of a ReadProcessMemory or WriteProcessMemory request was completed. (0x12B)
[1125/131325.441:ERROR:process_memory_win.cc(73)] ReadMemory at 0xa1618e000 of 6024 bytes failed: Only part of a ReadProcessMemory or WriteProcessMemory request was completed. (0x12B)
[1125/131325.441:ERROR:process_memory_win.cc(73)] ReadMemory at 0xa16190000 of 6024 bytes failed: Only part of a ReadProcessMemory or WriteProcessMemory request was completed. (0x12B)
[1125/131325.441:ERROR:process_memory_win.cc(73)] ReadMemory at 0xa161c0000 of 6024 bytes failed: Only part of a ReadProcessMemory or WriteProcessMemory request was completed. (0x12B)
[1125/131325.442:ERROR:process_memory_win.cc(73)] ReadMemory at 0xa161c4000 of 6024 bytes failed: Only part of a ReadProcessMemory or WriteProcessMemory request was completed. (0x12B)
[1125/131325.442:ERROR:process_memory_win.cc(73)] ReadMemory at 0xa161c6000 of 6024 bytes failed: Only part of a ReadProcessMemory or WriteProcessMemory request was completed. (0x12B)
[1125/131325.442:ERROR:process_memory_win.cc(73)] ReadMemory at 0x1699f330750 of 80 bytes failed: Only part of a ReadProcessMemory or WriteProcessMemory request was completed. (0x12B)
[1125/131325.442:ERROR:process_memory_win.cc(73)] ReadMemory at 0x1699f330fe0 of 17158 bytes failed: Only part of a ReadProcessMemory or WriteProcessMemory request was completed. (0x12B)
[1125/131325.442:ERROR:process_memory_win.cc(73)] ReadMemory at 0x1699f3352f0 of 1012 bytes failed: Only part of a ReadProcessMemory or WriteProcessMemory request was completed. (0x12B)
[1125/131325.443:ERROR:process_memory_win.cc(73)] ReadMemory at 0x1699f335938 of 118 bytes failed: Only part of a ReadProcessMemory or WriteProcessMemory request was completed. (0x12B)
[1125/131325.443:ERROR:process_memory_win.cc(73)] ReadMemory at 0x1699f3359b0 of 860 bytes failed: Only part of a ReadProcessMemory or WriteProcessMemory request was completed. (0x12B)
[1125/131325.443:ERROR:process_memory_win.cc(73)] ReadMemory at 0x1699f335d0e of 118 bytes failed: Only part of a ReadProcessMemory or WriteProcessMemory request was completed. (0x12B)
[1125/131325.443:ERROR:process_memory_win.cc(73)] ReadMemory at 0x1699f335d86 of 96 bytes failed: Only part of a ReadProcessMemory or WriteProcessMemory request was completed. (0x12B)
[1125/131325.443:ERROR:process_memory_win.cc(73)] ReadMemory at 0x1699f335e00 of 58 bytes failed: Only part of a ReadProcessMemory or WriteProcessMemory request was completed. (0x12B)
[1125/131325.443:ERROR:process_memory_win.cc(73)] ReadMemory at 0x1699f335f00 of 132 bytes failed: Only part of a ReadProcessMemory or WriteProcessMemory request was completed. (0x12B)
[1125/131325.444:ERROR:process_memory_win.cc(73)] ReadMemory at 0x1699f336090 of 132 bytes failed: Only part of a ReadProcessMemory or WriteProcessMemory request was completed. (0x12B)
[1125/131325.444:ERROR:process_memory_win.cc(73)] ReadMemory at 0x1699f336250 of 126 bytes failed: Only part of a ReadProcessMemory or WriteProcessMemory request was completed. (0x12B)
[1125/131325.444:ERROR:process_memory_win.cc(73)] ReadMemory at 0x1699f336630 of 132 bytes failed: Only part of a ReadProcessMemory or WriteProcessMemory request was completed. (0x12B)
[1125/131325.444:ERROR:process_memory_win.cc(73)] ReadMemory at 0x1699f3367c0 of 64 bytes failed: Only part of a ReadProcessMemory or WriteProcessMemory request was completed. (0x12B)
[1125/131325.444:ERROR:process_memory_win.cc(73)] ReadMemory at 0x1699f336810 of 132 bytes failed: Only part of a ReadProcessMemory or WriteProcessMemory request was completed. (0x12B)
[1125/131325.444:ERROR:process_memory_win.cc(73)] ReadMemory at 0x1699f336a20 of 154 bytes failed: Only part of a ReadProcessMemory or WriteProcessMemory request was completed. (0x12B)
[1125/131325.444:ERROR:process_memory_win.cc(73)] ReadMemory at 0x1699f336c20 of 132 bytes failed: Only part of a ReadProcessMemory or WriteProcessMemory request was completed. (0x12B)
[1125/131325.445:ERROR:process_memory_win.cc(73)] ReadMemory at 0x1699f336db0 of 68 bytes failed: Only part of a ReadProcessMemory or WriteProcessMemory request was completed. (0x12B)
[1125/131325.445:ERROR:process_memory_win.cc(73)] ReadMemory at 0x1699f337dd0 of 132 bytes failed: Only part of a ReadProcessMemory or WriteProcessMemory request was completed. (0x12B)
[1125/131325.445:ERROR:process_memory_win.cc(73)] ReadMemory at 0x1699f337fd0 of 132 bytes failed: Only part of a ReadProcessMemory or WriteProcessMemory request was completed. (0x12B)
[1125/131325.445:ERROR:process_memory_win.cc(73)] ReadMemory at 0x1699f338e50 of 62 bytes failed: Only part of a ReadProcessMemory or WriteProcessMemory request was completed. (0x12B)
[1125/131325.445:ERROR:process_memory_win.cc(73)] ReadMemory at 0x1699f338ed0 of 158 bytes failed: Only part of a ReadProcessMemory or WriteProcessMemory request was completed. (0x12B)
[1125/131325.445:ERROR:process_memory_win.cc(73)] ReadMemory at 0x1699f338fb0 of 132 bytes failed: Only part of a ReadProcessMemory or WriteProcessMemory request was completed. (0x12B)
[1125/131325.446:ERROR:process_memory_win.cc(73)] ReadMemory at 0x1699f339140 of 60 bytes failed: Only part of a ReadProcessMemory or WriteProcessMemory request was completed. (0x12B)
[1125/131325.446:ERROR:process_memory_win.cc(73)] ReadMemory at 0x1699f339530 of 132 bytes failed: Only part of a ReadProcessMemory or WriteProcessMemory request was completed. (0x12B)
[1125/131325.446:ERROR:process_memory_win.cc(73)] ReadMemory at 0x1699f33a770 of 132 bytes failed: Only part of a ReadProcessMemory or WriteProcessMemory request was completed. (0x12B)
[1125/131325.446:ERROR:process_memory_win.cc(73)] ReadMemory at 0x1699f33a8a0 of 132 bytes failed: Only part of a ReadProcessMemory or WriteProcessMemory request was completed. (0x12B)
[1125/131325.446:ERROR:process_memory_win.cc(73)] ReadMemory at 0x1699f33aab0 of 132 bytes failed: Only part of a ReadProcessMemory or WriteProcessMemory request was completed. (0x12B)
[1125/131325.446:ERROR:process_memory_win.cc(73)] ReadMemory at 0x1699f33af80 of 132 bytes failed: Only part of a ReadProcessMemory or WriteProcessMemory request was completed. (0x12B)
[1125/131325.447:ERROR:process_memory_win.cc(73)] ReadMemory at 0x1699f33d7f0 of 132 bytes failed: Only part of a ReadProcessMemory or WriteProcessMemory request was completed. (0x12B)
[1125/131325.447:ERROR:process_memory_win.cc(73)] ReadMemory at 0x1699f33de80 of 62 bytes failed: Only part of a ReadProcessMemory or WriteProcessMemory request was completed. (0x12B)
[1125/131325.447:ERROR:process_memory_win.cc(73)] ReadMemory at 0x1699f33ded0 of 64 bytes failed: Only part of a ReadProcessMemory or WriteProcessMemory request was completed. (0x12B)
[1125/131325.447:ERROR:process_memory_win.cc(73)] ReadMemory at 0x1699f33df20 of 64 bytes failed: Only part of a ReadProcessMemory or WriteProcessMemory request was completed. (0x12B)
[1125/131325.447:ERROR:process_memory_win.cc(73)] ReadMemory at 0x1699f33e2e0 of 60 bytes failed: Only part of a ReadProcessMemory or WriteProcessMemory request was completed. (0x12B)
[1125/131325.447:ERROR:process_memory_win.cc(73)] ReadMemory at 0x1699f33e3d0 of 62 bytes failed: Only part of a ReadProcessMemory or WriteProcessMemory request was completed. (0x12B)
[1125/131325.447:ERROR:process_memory_win.cc(73)] ReadMemory at 0x1699f33e420 of 64 bytes failed: Only part of a ReadProcessMemory or WriteProcessMemory request was completed. (0x12B)
[1125/131325.448:ERROR:process_memory_win.cc(73)] ReadMemory at 0x1699f33e470 of 66 bytes failed: Only part of a ReadProcessMemory or WriteProcessMemory request was completed. (0x12B)
[1125/131325.448:ERROR:process_memory_win.cc(73)] ReadMemory at 0x1699f33e560 of 60 bytes failed: Only part of a ReadProcessMemory or WriteProcessMemory request was completed. (0x12B)
[1125/131325.448:ERROR:process_memory_win.cc(73)] ReadMemory at 0x1699f33e5b0 of 64 bytes failed: Only part of a ReadProcessMemory or WriteProcessMemory request was completed. (0x12B)
[1125/131325.449:ERROR:process_memory_win.cc(73)] ReadMemory at 0x1699f33e820 of 64 bytes failed: Only part of a ReadProcessMemory or WriteProcessMemory request was completed. (0x12B)
[1125/131325.449:ERROR:process_memory_win.cc(73)] ReadMemory at 0x1699f33eaa0 of 60 bytes failed: Only part of a ReadProcessMemory or WriteProcessMemory request was completed. (0x12B)
[1125/131325.449:ERROR:process_memory_win.cc(73)] ReadMemory at 0x1699f33eaf0 of 62 bytes failed: Only part of a ReadProcessMemory or WriteProcessMemory request was completed. (0x12B)
[1125/131325.449:ERROR:process_memory_win.cc(73)] ReadMemory at 0x1699f33eb40 of 66 bytes failed: Only part of a ReadProcessMemory or WriteProcessMemory request was completed. (0x12B)
[1125/131325.449:ERROR:process_memory_win.cc(73)] ReadMemory at 0x1699f33ebe0 of 58 bytes failed: Only part of a ReadProcessMemory or WriteProcessMemory request was completed. (0x12B)
[1125/131325.449:ERROR:process_memory_win.cc(73)] ReadMemory at 0x1699f33ec30 of 62 bytes failed: Only part of a ReadProcessMemory or WriteProcessMemory request was completed. (0x12B)
[1125/131325.450:ERROR:process_memory_win.cc(73)] ReadMemory at 0x1699f33ec80 of 64 bytes failed: Only part of a ReadProcessMemory or WriteProcessMemory request was completed. (0x12B)
[1125/131325.450:ERROR:process_memory_win.cc(73)] ReadMemory at 0x1699f33ed20 of 62 bytes failed: Only part of a ReadProcessMemory or WriteProcessMemory request was completed. (0x12B)
[1125/131325.450:ERROR:process_memory_win.cc(73)] ReadMemory at 0x1699f33ee10 of 62 bytes failed: Only part of a ReadProcessMemory or WriteProcessMemory request was completed. (0x12B)
[1125/131325.450:ERROR:process_memory_win.cc(73)] ReadMemory at 0x1699f33ee60 of 62 bytes failed: Only part of a ReadProcessMemory or WriteProcessMemory request was completed. (0x12B)
[1125/131325.450:ERROR:process_memory_win.cc(73)] ReadMemory at 0x1699f33eeb0 of 62 bytes failed: Only part of a ReadProcessMemory or WriteProcessMemory request was completed. (0x12B)
[1125/131325.450:ERROR:process_memory_win.cc(73)] ReadMemory at 0x1699f33efa0 of 64 bytes failed: Only part of a ReadProcessMemory or WriteProcessMemory request was completed. (0x12B)
[1125/131325.450:ERROR:process_memory_win.cc(73)] ReadMemory at 0x1699f33f130 of 60 bytes failed: Only part of a ReadProcessMemory or WriteProcessMemory request was completed. (0x12B)
[1125/131325.451:ERROR:process_memory_win.cc(73)] ReadMemory at 0x1699f33f220 of 64 bytes failed: Only part of a ReadProcessMemory or WriteProcessMemory request was completed. (0x12B)
[1125/131325.451:ERROR:process_memory_win.cc(73)] ReadMemory at 0x1699f33f270 of 62 bytes failed: Only part of a ReadProcessMemory or WriteProcessMemory request was completed. (0x12B)
[1125/131325.451:ERROR:process_memory_win.cc(73)] ReadMemory at 0x1699f33f450 of 60 bytes failed: Only part of a ReadProcessMemory or WriteProcessMemory request was completed. (0x12B)
[1125/131325.451:ERROR:process_memory_win.cc(73)] ReadMemory at 0x1699f33f4a0 of 62 bytes failed: Only part of a ReadProcessMemory or WriteProcessMemory request was completed. (0x12B)
[1125/131325.451:ERROR:process_memory_win.cc(73)] ReadMemory at 0x1699f33f590 of 60 bytes failed: Only part of a ReadProcessMemory or WriteProcessMemory request was completed. (0x12B)
[1125/131325.451:ERROR:process_memory_win.cc(73)] ReadMemory at 0x1699f341ca0 of 132 bytes failed: Only part of a ReadProcessMemory or WriteProcessMemory request was completed. (0x12B)
[1125/131325.518:ERROR:process_memory_win.cc(73)] ReadMemory at 0x1699f344050 of 76 bytes failed: Only part of a ReadProcessMemory or WriteProcessMemory request was completed. (0x12B)
[1125/131325.518:ERROR:process_memory_win.cc(73)] ReadMemory at 0x1699f3458a0 of 132 bytes failed: Only part of a ReadProcessMemory or WriteProcessMemory request was completed. (0x12B)
[1125/131325.518:ERROR:process_memory_win.cc(73)] ReadMemory at 0x1699f346760 of 54 bytes failed: Only part of a ReadProcessMemory or WriteProcessMemory request was completed. (0x12B)
[1125/131325.519:ERROR:process_memory_win.cc(73)] ReadMemory at 0x1699f3499f0 of 132 bytes failed: Only part of a ReadProcessMemory or WriteProcessMemory request was completed. (0x12B)
[1125/131325.519:ERROR:process_memory_win.cc(73)] ReadMemory at 0x1699f349c60 of 132 bytes failed: Only part of a ReadProcessMemory or WriteProcessMemory request was completed. (0x12B)
[1125/131325.519:ERROR:process_memory_win.cc(73)] ReadMemory at 0x1699f349d90 of 132 bytes failed: Only part of a ReadProcessMemory or WriteProcessMemory request was completed. (0x12B)
[1125/131325.519:ERROR:process_memory_win.cc(73)] ReadMemory at 0x1699f349ec0 of 132 bytes failed: Only part of a ReadProcessMemory or WriteProcessMemory request was completed. (0x12B)
[1125/131325.519:ERROR:process_memory_win.cc(73)] ReadMemory at 0x1699f349ff0 of 132 bytes failed: Only part of a ReadProcessMemory or WriteProcessMemory request was completed. (0x12B)
[1125/131325.519:ERROR:process_memory_win.cc(73)] ReadMemory at 0x1699f34a120 of 132 bytes failed: Only part of a ReadProcessMemory or WriteProcessMemory request was completed. (0x12B)
[1125/131325.519:ERROR:process_memory_win.cc(73)] ReadMemory at 0x1699f34a250 of 132 bytes failed: Only part of a ReadProcessMemory or WriteProcessMemory request was completed. (0x12B)
[1125/131325.520:ERROR:process_memory_win.cc(73)] ReadMemory at 0x1699f34a380 of 132 bytes failed: Only part of a ReadProcessMemory or WriteProcessMemory request was completed. (0x12B)
[1125/131325.520:ERROR:process_memory_win.cc(73)] ReadMemory at 0x1699f34a5e0 of 132 bytes failed: Only part of a ReadProcessMemory or WriteProcessMemory request was completed. (0x12B)
[1125/131325.520:ERROR:process_memory_win.cc(73)] ReadMemory at 0x1699f34a710 of 132 bytes failed: Only part of a ReadProcessMemory or WriteProcessMemory request was completed. (0x12B)
[1125/131325.520:ERROR:process_memory_win.cc(73)] ReadMemory at 0x1699f34a840 of 132 bytes failed: Only part of a ReadProcessMemory or WriteProcessMemory request was completed. (0x12B)
[1125/131325.520:ERROR:process_memory_win.cc(73)] ReadMemory at 0x1699f34a970 of 132 bytes failed: Only part of a ReadProcessMemory or WriteProcessMemory request was completed. (0x12B)
[1125/131325.520:ERROR:process_memory_win.cc(73)] ReadMemory at 0x1699f34aaa0 of 132 bytes failed: Only part of a ReadProcessMemory or WriteProcessMemory request was completed. (0x12B)
[1125/131325.521:ERROR:process_memory_win.cc(73)] ReadMemory at 0x1699f34aba0 of 512 bytes failed: Only part of a ReadProcessMemory or WriteProcessMemory request was completed. (0x12B)
[1125/131325.521:ERROR:process_memory_win.cc(73)] ReadMemory at 0x1699f34b5f0 of 132 bytes failed: Only part of a ReadProcessMemory or WriteProcessMemory request was completed. (0x12B)
[1125/131325.521:ERROR:process_memory_win.cc(73)] ReadMemory at 0x1699f34bbe0 of 132 bytes failed: Only part of a ReadProcessMemory or WriteProcessMemory request was completed. (0x12B)
[1125/131325.521:ERROR:process_memory_win.cc(73)] ReadMemory at 0x1699f34bf70 of 132 bytes failed: Only part of a ReadProcessMemory or WriteProcessMemory request was completed. (0x12B)
[1125/131325.521:ERROR:process_memory_win.cc(73)] ReadMemory at 0x1699f34c0a0 of 132 bytes failed: Only part of a ReadProcessMemory or WriteProcessMemory request was completed. (0x12B)
[1125/131325.521:ERROR:process_memory_win.cc(73)] ReadMemory at 0x1699f34c1d0 of 132 bytes failed: Only part of a ReadProcessMemory or WriteProcessMemory request was completed. (0x12B)
[1125/131325.522:ERROR:process_memory_win.cc(73)] ReadMemory at 0x1699f34c300 of 132 bytes failed: Only part of a ReadProcessMemory or WriteProcessMemory request was completed. (0x12B)
[1125/131325.522:ERROR:process_memory_win.cc(73)] ReadMemory at 0x1699f34c560 of 132 bytes failed: Only part of a ReadProcessMemory or WriteProcessMemory request was completed. (0x12B)
[1125/131325.522:ERROR:process_memory_win.cc(73)] ReadMemory at 0x1699f34c7c0 of 132 bytes failed: Only part of a ReadProcessMemory or WriteProcessMemory request was completed. (0x12B)
[1125/131325.522:ERROR:process_memory_win.cc(73)] ReadMemory at 0x1699f34cb50 of 132 bytes failed: Only part of a ReadProcessMemory or WriteProcessMemory request was completed. (0x12B)
[1125/131325.522:ERROR:process_memory_win.cc(73)] ReadMemory at 0x1699f360c90 of 512 bytes failed: Only part of a ReadProcessMemory or WriteProcessMemory request was completed. (0x12B)
[1125/131325.522:ERROR:process_memory_win.cc(73)] ReadMemory at 0x1699f613b90 of 512 bytes failed: Only part of a ReadProcessMemory or WriteProcessMemory request was completed. (0x12B)
[1125/131325.523:ERROR:process_memory_win.cc(73)] ReadMemory at 0x1699f7b8b38 of 512 bytes failed: Only part of a ReadProcessMemory or WriteProcessMemory request was completed. (0x12B)
[1125/131325.523:ERROR:process_memory_win.cc(73)] ReadMemory at 0x1699f7c7eb0 of 512 bytes failed: Only part of a ReadProcessMemory or WriteProcessMemory request was completed. (0x12B)
[1125/131325.523:ERROR:process_memory_win.cc(73)] ReadMemory at 0x1699f7cf6b0 of 512 bytes failed: Only part of a ReadProcessMemory or WriteProcessMemory request was completed. (0x12B)
[1125/131325.523:ERROR:process_memory_win.cc(73)] ReadMemory at 0x1699f7d4de0 of 512 bytes failed: Only part of a ReadProcessMemory or WriteProcessMemory request was completed. (0x12B)
[1125/131325.523:ERROR:process_memory_win.cc(73)] ReadMemory at 0x1699f7d6d48 of 512 bytes failed: Only part of a ReadProcessMemory or WriteProcessMemory request was completed. (0x12B)
[1125/131325.523:ERROR:process_memory_win.cc(73)] ReadMemory at 0x1699f7e22b8 of 512 bytes failed: Only part of a ReadProcessMemory or WriteProcessMemory request was completed. (0x12B)
[1125/131325.524:ERROR:process_memory_win.cc(73)] ReadMemory at 0x1699f7e6190 of 512 bytes failed: Only part of a ReadProcessMemory or WriteProcessMemory request was completed. (0x12B)
[1125/131325.524:ERROR:process_memory_win.cc(73)] ReadMemory at 0x1699f7fb320 of 712 bytes failed: Only part of a ReadProcessMemory or WriteProcessMemory request was completed. (0x12B)
[1125/131325.524:ERROR:process_memory_win.cc(73)] ReadMemory at 0x1699f801218 of 512 bytes failed: Only part of a ReadProcessMemory or WriteProcessMemory request was completed. (0x12B)
[1125/131325.524:ERROR:process_memory_win.cc(73)] ReadMemory at 0x1699f819828 of 512 bytes failed: Only part of a ReadProcessMemory or WriteProcessMemory request was completed. (0x12B)
[1125/131325.524:ERROR:process_memory_win.cc(73)] ReadMemory at 0x1699f81a878 of 512 bytes failed: Only part of a ReadProcessMemory or WriteProcessMemory request was completed. (0x12B)
[1125/131325.524:ERROR:process_memory_win.cc(73)] ReadMemory at 0x1699f81ae18 of 512 bytes failed: Only part of a ReadProcessMemory or WriteProcessMemory request was completed. (0x12B)
[1125/131325.525:ERROR:process_memory_win.cc(73)] ReadMemory at 0x169a173a510 of 512 bytes failed: Only part of a ReadProcessMemory or WriteProcessMemory request was completed. (0x12B)
[1125/131325.525:ERROR:process_memory_win.cc(73)] ReadMemory at 0x169a1799840 of 512 bytes failed: Only part of a ReadProcessMemory or WriteProcessMemory request was completed. (0x12B)
[1125/131325.525:ERROR:process_memory_win.cc(73)] ReadMemory at 0x169a2534e80 of 512 bytes failed: Only part of a ReadProcessMemory or WriteProcessMemory request was completed. (0x12B)
[1125/131325.525:ERROR:process_memory_win.cc(73)] ReadMemory at 0x169a25434e0 of 512 bytes failed: Only part of a ReadProcessMemory or WriteProcessMemory request was completed. (0x12B)
[1125/131325.525:ERROR:process_memory_win.cc(73)] ReadMemory at 0x7ff88c300000 of 385 bytes failed: Only part of a ReadProcessMemory or WriteProcessMemory request was completed. (0x12B)
[1125/131325.525:ERROR:process_memory_win.cc(73)] ReadMemory at 0x7ff88d8f6410 of 512 bytes failed: Only part of a ReadProcessMemory or WriteProcessMemory request was completed. (0x12B)
[1125/131325.526:ERROR:process_memory_win.cc(73)] ReadMemory at 0x7ff88dd6d2d4 of 512 bytes failed: Only part of a ReadProcessMemory or WriteProcessMemory request was completed. (0x12B)
[1125/131325.526:ERROR:process_memory_win.cc(73)] ReadMemory at 0x7ff88dd8c62c of 512 bytes failed: Only part of a ReadProcessMemory or WriteProcessMemory request was completed. (0x12B)
[1125/131325.526:ERROR:process_memory_win.cc(73)] ReadMemory at 0x7ff890c9dea0 of 512 bytes failed: Only part of a ReadProcessMemory or WriteProcessMemory request was completed. (0x12B)
[1125/131325.526:ERROR:process_memory_win.cc(73)] ReadMemory at 0x7ff8b7d57dc5 of 512 bytes failed: Only part of a ReadProcessMemory or WriteProcessMemory request was completed. (0x12B)
[1125/131325.526:ERROR:process_memory_win.cc(73)] ReadMemory at 0x7ff8b7d585be of 512 bytes failed: Only part of a ReadProcessMemory or WriteProcessMemory request was completed. (0x12B)
[1125/131325.526:ERROR:process_memory_win.cc(73)] ReadMemory at 0x7ff8e695c0c4 of 672 bytes failed: Only part of a ReadProcessMemory or WriteProcessMemory request was completed. (0x12B)
[1125/131325.527:ERROR:process_memory_win.cc(73)] ReadMemory at 0x7ff8e695f974 of 608 bytes failed: Only part of a ReadProcessMemory or WriteProcessMemory request was completed. (0x12B)
[1125/131325.527:ERROR:process_memory_win.cc(73)] ReadMemory at 0x7ff8e69ec428 of 18 bytes failed: Only part of a ReadProcessMemory or WriteProcessMemory request was completed. (0x12B)
[1125/131325.527:ERROR:process_memory_win.cc(73)] ReadMemory at 0x7ff8e6a1f4f8 of 40 bytes failed: Only part of a ReadProcessMemory or WriteProcessMemory request was completed. (0x12B)
[1125/131325.527:ERROR:process_memory_win.cc(73)] ReadMemory at 0x7ff8e6a1f978 of 48 bytes failed: Only part of a ReadProcessMemory or WriteProcessMemory request was completed. (0x12B)
[1125/131325.527:ERROR:process_memory_win.cc(73)] ReadMemory at 0x7ff8e6a253c0 of 64 bytes failed: Only part of a ReadProcessMemory or WriteProcessMemory request was completed. (0x12B)
[1125/131325.576:ERROR:scoped_process_suspend.cc(40)] NtResumeProcess: An attempt was made to access an exiting process. (0xc000010a)
[1218/134257.476:ERROR:process_memory_win.cc(73)] ReadMemory at 0x63071ee000 of 73728 bytes failed: Only part of a ReadProcessMemory or WriteProcessMemory request was completed. (0x12B)
[1218/134258.266:ERROR:process_memory_win.cc(73)] ReadMemory at 0x63079fd000 of 12288 bytes failed: Only part of a ReadProcessMemory or WriteProcessMemory request was completed. (0x12B)
[1218/134258.266:ERROR:process_memory_win.cc(73)] ReadMemory at 0x63091fb000 of 20480 bytes failed: Only part of a ReadProcessMemory or WriteProcessMemory request was completed. (0x12B)
[1218/134258.267:ERROR:process_memory_win.cc(73)] ReadMemory at 0x63099fe000 of 8192 bytes failed: Only part of a ReadProcessMemory or WriteProcessMemory request was completed. (0x12B)
[1218/134258.267:ERROR:process_memory_win.cc(73)] ReadMemory at 0x630a1fd000 of 12288 bytes failed: Only part of a ReadProcessMemory or WriteProcessMemory request was completed. (0x12B)
[1218/134258.267:ERROR:process_memory_win.cc(73)] ReadMemory at 0x630a9fb000 of 20480 bytes failed: Only part of a ReadProcessMemory or WriteProcessMemory request was completed. (0x12B)
[1218/134258.267:ERROR:process_memory_win.cc(73)] ReadMemory at 0x630b1fd000 of 12288 bytes failed: Only part of a ReadProcessMemory or WriteProcessMemory request was completed. (0x12B)
[1218/134258.268:ERROR:process_memory_win.cc(73)] ReadMemory at 0x630c1f6000 of 40960 bytes failed: Only part of a ReadProcessMemory or WriteProcessMemory request was completed. (0x12B)
[1218/134258.268:ERROR:process_memory_win.cc(73)] ReadMemory at 0x630c9f6000 of 40960 bytes failed: Only part of a ReadProcessMemory or WriteProcessMemory request was completed. (0x12B)
[1218/134258.268:ERROR:process_memory_win.cc(73)] ReadMemory at 0x630d1fd000 of 12288 bytes failed: Only part of a ReadProcessMemory or WriteProcessMemory request was completed. (0x12B)
[1218/134258.395:ERROR:process_memory_win.cc(73)] ReadMemory at 0x630d9f7000 of 36864 bytes failed: Only part of a ReadProcessMemory or WriteProcessMemory request was completed. (0x12B)
[1218/134258.395:ERROR:process_memory_win.cc(73)] ReadMemory at 0x630e9fc000 of 16384 bytes failed: Only part of a ReadProcessMemory or WriteProcessMemory request was completed. (0x12B)
[1218/134258.396:ERROR:process_memory_win.cc(73)] ReadMemory at 0x630f1fd000 of 12288 bytes failed: Only part of a ReadProcessMemory or WriteProcessMemory request was completed. (0x12B)
[1218/134258.396:ERROR:process_memory_win.cc(73)] ReadMemory at 0x63081fb000 of 20480 bytes failed: Only part of a ReadProcessMemory or WriteProcessMemory request was completed. (0x12B)
[1218/134258.396:ERROR:process_memory_win.cc(73)] ReadMemory at 0x630e1fc000 of 16384 bytes failed: Only part of a ReadProcessMemory or WriteProcessMemory request was completed. (0x12B)
[1218/134258.396:ERROR:process_memory_win.cc(73)] ReadMemory at 0x63089fd000 of 12288 bytes failed: Only part of a ReadProcessMemory or WriteProcessMemory request was completed. (0x12B)
[1218/134258.397:ERROR:process_memory_win.cc(73)] ReadMemory at 0x630b9fe000 of 8192 bytes failed: Only part of a ReadProcessMemory or WriteProcessMemory request was completed. (0x12B)
[1218/134258.397:ERROR:process_memory_win.cc(73)] ReadMemory at 0x6306800000 of 6024 bytes failed: Only part of a ReadProcessMemory or WriteProcessMemory request was completed. (0x12B)
[1218/134258.397:ERROR:process_memory_win.cc(73)] ReadMemory at 0x6306806000 of 6024 bytes failed: Only part of a ReadProcessMemory or WriteProcessMemory request was completed. (0x12B)
[1218/134258.397:ERROR:process_memory_win.cc(73)] ReadMemory at 0x6306808000 of 6024 bytes failed: Only part of a ReadProcessMemory or WriteProcessMemory request was completed. (0x12B)
[1218/134258.398:ERROR:process_memory_win.cc(73)] ReadMemory at 0x630680a000 of 6024 bytes failed: Only part of a ReadProcessMemory or WriteProcessMemory request was completed. (0x12B)
[1218/134258.398:ERROR:process_memory_win.cc(73)] ReadMemory at 0x630680c000 of 6024 bytes failed: Only part of a ReadProcessMemory or WriteProcessMemory request was completed. (0x12B)
[1218/134258.398:ERROR:process_memory_win.cc(73)] ReadMemory at 0x630680e000 of 6024 bytes failed: Only part of a ReadProcessMemory or WriteProcessMemory request was completed. (0x12B)
[1218/134258.398:ERROR:process_memory_win.cc(73)] ReadMemory at 0x6306812000 of 6024 bytes failed: Only part of a ReadProcessMemory or WriteProcessMemory request was completed. (0x12B)
[1218/134258.399:ERROR:process_memory_win.cc(73)] ReadMemory at 0x6306814000 of 6024 bytes failed: Only part of a ReadProcessMemory or WriteProcessMemory request was completed. (0x12B)
[1218/134258.399:ERROR:process_memory_win.cc(73)] ReadMemory at 0x6306816000 of 6024 bytes failed: Only part of a ReadProcessMemory or WriteProcessMemory request was completed. (0x12B)
[1218/134258.399:ERROR:process_memory_win.cc(73)] ReadMemory at 0x6306824000 of 6024 bytes failed: Only part of a ReadProcessMemory or WriteProcessMemory request was completed. (0x12B)
[1218/134258.399:ERROR:process_memory_win.cc(73)] ReadMemory at 0x630682a000 of 6024 bytes failed: Only part of a ReadProcessMemory or WriteProcessMemory request was completed. (0x12B)
[1218/134258.399:ERROR:process_memory_win.cc(73)] ReadMemory at 0x6306830000 of 6024 bytes failed: Only part of a ReadProcessMemory or WriteProcessMemory request was completed. (0x12B)
[1218/134258.400:ERROR:process_memory_win.cc(73)] ReadMemory at 0x6306842000 of 6024 bytes failed: Only part of a ReadProcessMemory or WriteProcessMemory request was completed. (0x12B)
[1218/134258.400:ERROR:process_memory_win.cc(73)] ReadMemory at 0x6306846000 of 6024 bytes failed: Only part of a ReadProcessMemory or WriteProcessMemory request was completed. (0x12B)
[1218/134258.400:ERROR:process_memory_win.cc(73)] ReadMemory at 0x630684c000 of 6024 bytes failed: Only part of a ReadProcessMemory or WriteProcessMemory request was completed. (0x12B)
[1218/134258.400:ERROR:process_memory_win.cc(73)] ReadMemory at 0x630684e000 of 6024 bytes failed: Only part of a ReadProcessMemory or WriteProcessMemory request was completed. (0x12B)
[1218/134258.401:ERROR:process_memory_win.cc(73)] ReadMemory at 0x63069fc000 of 852 bytes failed: Only part of a ReadProcessMemory or WriteProcessMemory request was completed. (0x12B)
[1218/134258.401:ERROR:process_memory_win.cc(73)] ReadMemory at 0x63069fd000 of 6024 bytes failed: Only part of a ReadProcessMemory or WriteProcessMemory request was completed. (0x12B)
[1218/134258.401:ERROR:process_memory_win.cc(73)] ReadMemory at 0x19590c90750 of 80 bytes failed: Only part of a ReadProcessMemory or WriteProcessMemory request was completed. (0x12B)
[1218/134258.401:ERROR:process_memory_win.cc(73)] ReadMemory at 0x19590c90fe0 of 17358 bytes failed: Only part of a ReadProcessMemory or WriteProcessMemory request was completed. (0x12B)
[1218/134258.401:ERROR:process_memory_win.cc(73)] ReadMemory at 0x19590c953c0 of 1012 bytes failed: Only part of a ReadProcessMemory or WriteProcessMemory request was completed. (0x12B)
[1218/134258.402:ERROR:process_memory_win.cc(73)] ReadMemory at 0x19590c95a08 of 118 bytes failed: Only part of a ReadProcessMemory or WriteProcessMemory request was completed. (0x12B)
[1218/134258.402:ERROR:process_memory_win.cc(73)] ReadMemory at 0x19590c95a80 of 894 bytes failed: Only part of a ReadProcessMemory or WriteProcessMemory request was completed. (0x12B)
[1218/134258.402:ERROR:process_memory_win.cc(73)] ReadMemory at 0x19590c95e00 of 118 bytes failed: Only part of a ReadProcessMemory or WriteProcessMemory request was completed. (0x12B)
[1218/134258.402:ERROR:process_memory_win.cc(73)] ReadMemory at 0x19590c95e78 of 98 bytes failed: Only part of a ReadProcessMemory or WriteProcessMemory request was completed. (0x12B)
[1218/134258.402:ERROR:process_memory_win.cc(73)] ReadMemory at 0x19590c95ef0 of 58 bytes failed: Only part of a ReadProcessMemory or WriteProcessMemory request was completed. (0x12B)
[1218/134258.402:ERROR:process_memory_win.cc(73)] ReadMemory at 0x19590c95ff0 of 132 bytes failed: Only part of a ReadProcessMemory or WriteProcessMemory request was completed. (0x12B)
[1218/134258.403:ERROR:process_memory_win.cc(73)] ReadMemory at 0x19590c96180 of 132 bytes failed: Only part of a ReadProcessMemory or WriteProcessMemory request was completed. (0x12B)
[1218/134258.403:ERROR:process_memory_win.cc(73)] ReadMemory at 0x19590c96340 of 124 bytes failed: Only part of a ReadProcessMemory or WriteProcessMemory request was completed. (0x12B)
[1218/134258.403:ERROR:process_memory_win.cc(73)] ReadMemory at 0x19590c96720 of 132 bytes failed: Only part of a ReadProcessMemory or WriteProcessMemory request was completed. (0x12B)
[1218/134258.403:ERROR:process_memory_win.cc(73)] ReadMemory at 0x19590c968b0 of 64 bytes failed: Only part of a ReadProcessMemory or WriteProcessMemory request was completed. (0x12B)
[1218/134258.403:ERROR:process_memory_win.cc(73)] ReadMemory at 0x19590c96900 of 132 bytes failed: Only part of a ReadProcessMemory or WriteProcessMemory request was completed. (0x12B)
[1218/134258.404:ERROR:process_memory_win.cc(73)] ReadMemory at 0x19590c96a70 of 132 bytes failed: Only part of a ReadProcessMemory or WriteProcessMemory request was completed. (0x12B)
[1218/134258.404:ERROR:process_memory_win.cc(73)] ReadMemory at 0x19590c96d10 of 132 bytes failed: Only part of a ReadProcessMemory or WriteProcessMemory request was completed. (0x12B)
[1218/134258.404:ERROR:process_memory_win.cc(73)] ReadMemory at 0x19590c96ea0 of 68 bytes failed: Only part of a ReadProcessMemory or WriteProcessMemory request was completed. (0x12B)
[1218/134258.404:ERROR:process_memory_win.cc(73)] ReadMemory at 0x19590c97fb0 of 132 bytes failed: Only part of a ReadProcessMemory or WriteProcessMemory request was completed. (0x12B)
[1218/134258.405:ERROR:process_memory_win.cc(73)] ReadMemory at 0x19590c98140 of 152 bytes failed: Only part of a ReadProcessMemory or WriteProcessMemory request was completed. (0x12B)
[1218/134258.405:ERROR:process_memory_win.cc(73)] ReadMemory at 0x19590c98f50 of 62 bytes failed: Only part of a ReadProcessMemory or WriteProcessMemory request was completed. (0x12B)
[1218/134258.406:ERROR:process_memory_win.cc(73)] ReadMemory at 0x19590c98fd0 of 156 bytes failed: Only part of a ReadProcessMemory or WriteProcessMemory request was completed. (0x12B)
[1218/134258.406:ERROR:process_memory_win.cc(73)] ReadMemory at 0x19590c990b0 of 132 bytes failed: Only part of a ReadProcessMemory or WriteProcessMemory request was completed. (0x12B)
[1218/134258.406:ERROR:process_memory_win.cc(73)] ReadMemory at 0x19590c99240 of 60 bytes failed: Only part of a ReadProcessMemory or WriteProcessMemory request was completed. (0x12B)
[1218/134258.406:ERROR:process_memory_win.cc(73)] ReadMemory at 0x19590c9a730 of 132 bytes failed: Only part of a ReadProcessMemory or WriteProcessMemory request was completed. (0x12B)
[1218/134258.478:ERROR:process_memory_win.cc(73)] ReadMemory at 0x19590c9aae0 of 132 bytes failed: Only part of a ReadProcessMemory or WriteProcessMemory request was completed. (0x12B)
[1218/134258.479:ERROR:process_memory_win.cc(73)] ReadMemory at 0x19590c9b080 of 132 bytes failed: Only part of a ReadProcessMemory or WriteProcessMemory request was completed. (0x12B)
[1218/134258.603:ERROR:process_memory_win.cc(73)] ReadMemory at 0x19590c9d6d0 of 132 bytes failed: Only part of a ReadProcessMemory or WriteProcessMemory request was completed. (0x12B)
[1218/134258.606:ERROR:process_memory_win.cc(73)] ReadMemory at 0x19590c9e110 of 64 bytes failed: Only part of a ReadProcessMemory or WriteProcessMemory request was completed. (0x12B)
[1218/134258.607:ERROR:process_memory_win.cc(73)] ReadMemory at 0x19590c9e160 of 64 bytes failed: Only part of a ReadProcessMemory or WriteProcessMemory request was completed. (0x12B)
[1218/134258.640:ERROR:process_memory_win.cc(73)] ReadMemory at 0x19590c9e200 of 62 bytes failed: Only part of a ReadProcessMemory or WriteProcessMemory request was completed. (0x12B)
[1218/134258.640:ERROR:process_memory_win.cc(73)] ReadMemory at 0x19590c9e250 of 60 bytes failed: Only part of a ReadProcessMemory or WriteProcessMemory request was completed. (0x12B)
[1218/134258.640:ERROR:process_memory_win.cc(73)] ReadMemory at 0x19590c9e2a0 of 60 bytes failed: Only part of a ReadProcessMemory or WriteProcessMemory request was completed. (0x12B)
[1218/134258.641:ERROR:process_memory_win.cc(73)] ReadMemory at 0x19590c9e340 of 64 bytes failed: Only part of a ReadProcessMemory or WriteProcessMemory request was completed. (0x12B)
[1218/134258.641:ERROR:process_memory_win.cc(73)] ReadMemory at 0x19590c9e3e0 of 64 bytes failed: Only part of a ReadProcessMemory or WriteProcessMemory request was completed. (0x12B)
[1218/134258.641:ERROR:process_memory_win.cc(73)] ReadMemory at 0x19590c9e5c0 of 66 bytes failed: Only part of a ReadProcessMemory or WriteProcessMemory request was completed. (0x12B)
[1218/134258.641:ERROR:process_memory_win.cc(73)] ReadMemory at 0x19590c9e660 of 62 bytes failed: Only part of a ReadProcessMemory or WriteProcessMemory request was completed. (0x12B)
[1218/134258.641:ERROR:process_memory_win.cc(73)] ReadMemory at 0x19590c9efd0 of 76 bytes failed: Only part of a ReadProcessMemory or WriteProcessMemory request was completed. (0x12B)
[1218/134258.642:ERROR:process_memory_win.cc(73)] ReadMemory at 0x19590c9f890 of 58 bytes failed: Only part of a ReadProcessMemory or WriteProcessMemory request was completed. (0x12B)
[1218/134258.642:ERROR:process_memory_win.cc(73)] ReadMemory at 0x19590c9f8e0 of 60 bytes failed: Only part of a ReadProcessMemory or WriteProcessMemory request was completed. (0x12B)
[1218/134258.642:ERROR:process_memory_win.cc(73)] ReadMemory at 0x19590c9f930 of 62 bytes failed: Only part of a ReadProcessMemory or WriteProcessMemory request was completed. (0x12B)
[1218/134258.642:ERROR:process_memory_win.cc(73)] ReadMemory at 0x19590c9fb60 of 60 bytes failed: Only part of a ReadProcessMemory or WriteProcessMemory request was completed. (0x12B)
[1218/134258.642:ERROR:process_memory_win.cc(73)] ReadMemory at 0x19590c9fc50 of 62 bytes failed: Only part of a ReadProcessMemory or WriteProcessMemory request was completed. (0x12B)
[1218/134258.643:ERROR:process_memory_win.cc(73)] ReadMemory at 0x19590c9fd40 of 64 bytes failed: Only part of a ReadProcessMemory or WriteProcessMemory request was completed. (0x12B)
[1218/134258.643:ERROR:process_memory_win.cc(73)] ReadMemory at 0x19590c9fd90 of 62 bytes failed: Only part of a ReadProcessMemory or WriteProcessMemory request was completed. (0x12B)
[1218/134258.643:ERROR:process_memory_win.cc(73)] ReadMemory at 0x19590c9fde0 of 66 bytes failed: Only part of a ReadProcessMemory or WriteProcessMemory request was completed. (0x12B)
[1218/134258.643:ERROR:process_memory_win.cc(73)] ReadMemory at 0x19590c9fe30 of 62 bytes failed: Only part of a ReadProcessMemory or WriteProcessMemory request was completed. (0x12B)
[1218/134258.643:ERROR:process_memory_win.cc(73)] ReadMemory at 0x19590c9fe80 of 64 bytes failed: Only part of a ReadProcessMemory or WriteProcessMemory request was completed. (0x12B)
[1218/134258.643:ERROR:process_memory_win.cc(73)] ReadMemory at 0x19590c9ff20 of 62 bytes failed: Only part of a ReadProcessMemory or WriteProcessMemory request was completed. (0x12B)
[1218/134258.644:ERROR:process_memory_win.cc(73)] ReadMemory at 0x19590ca0010 of 60 bytes failed: Only part of a ReadProcessMemory or WriteProcessMemory request was completed. (0x12B)
[1218/134258.644:ERROR:process_memory_win.cc(73)] ReadMemory at 0x19590ca0060 of 62 bytes failed: Only part of a ReadProcessMemory or WriteProcessMemory request was completed. (0x12B)
[1218/134258.644:ERROR:process_memory_win.cc(73)] ReadMemory at 0x19590ca01f0 of 62 bytes failed: Only part of a ReadProcessMemory or WriteProcessMemory request was completed. (0x12B)
[1218/134258.644:ERROR:process_memory_win.cc(73)] ReadMemory at 0x19590ca03d0 of 64 bytes failed: Only part of a ReadProcessMemory or WriteProcessMemory request was completed. (0x12B)
[1218/134258.644:ERROR:process_memory_win.cc(73)] ReadMemory at 0x19590ca0600 of 60 bytes failed: Only part of a ReadProcessMemory or WriteProcessMemory request was completed. (0x12B)
[1218/134258.644:ERROR:process_memory_win.cc(73)] ReadMemory at 0x19590ca0650 of 64 bytes failed: Only part of a ReadProcessMemory or WriteProcessMemory request was completed. (0x12B)
[1218/134258.645:ERROR:process_memory_win.cc(73)] ReadMemory at 0x19590ca06a0 of 62 bytes failed: Only part of a ReadProcessMemory or WriteProcessMemory request was completed. (0x12B)
[1218/134258.645:ERROR:process_memory_win.cc(73)] ReadMemory at 0x19590ca3b50 of 132 bytes failed: Only part of a ReadProcessMemory or WriteProcessMemory request was completed. (0x12B)
[1218/134258.645:ERROR:process_memory_win.cc(73)] ReadMemory at 0x19590ca3db0 of 132 bytes failed: Only part of a ReadProcessMemory or WriteProcessMemory request was completed. (0x12B)
[1218/134258.645:ERROR:process_memory_win.cc(73)] ReadMemory at 0x19590ca3ee0 of 132 bytes failed: Only part of a ReadProcessMemory or WriteProcessMemory request was completed. (0x12B)
[1218/134258.645:ERROR:process_memory_win.cc(73)] ReadMemory at 0x19590ca4010 of 132 bytes failed: Only part of a ReadProcessMemory or WriteProcessMemory request was completed. (0x12B)
[1218/134258.646:ERROR:process_memory_win.cc(73)] ReadMemory at 0x19590ca4140 of 132 bytes failed: Only part of a ReadProcessMemory or WriteProcessMemory request was completed. (0x12B)
[1218/134258.646:ERROR:process_memory_win.cc(73)] ReadMemory at 0x19590ca4270 of 132 bytes failed: Only part of a ReadProcessMemory or WriteProcessMemory request was completed. (0x12B)
[1218/134258.646:ERROR:process_memory_win.cc(73)] ReadMemory at 0x19590ca43a0 of 132 bytes failed: Only part of a ReadProcessMemory or WriteProcessMemory request was completed. (0x12B)
[1218/134258.646:ERROR:process_memory_win.cc(73)] ReadMemory at 0x19590ca44d0 of 132 bytes failed: Only part of a ReadProcessMemory or WriteProcessMemory request was completed. (0x12B)
[1218/134258.646:ERROR:process_memory_win.cc(73)] ReadMemory at 0x19590ca4600 of 132 bytes failed: Only part of a ReadProcessMemory or WriteProcessMemory request was completed. (0x12B)
[1218/134258.646:ERROR:process_memory_win.cc(73)] ReadMemory at 0x19590ca4730 of 132 bytes failed: Only part of a ReadProcessMemory or WriteProcessMemory request was completed. (0x12B)
[1218/134258.647:ERROR:process_memory_win.cc(73)] ReadMemory at 0x19590ca4860 of 132 bytes failed: Only part of a ReadProcessMemory or WriteProcessMemory request was completed. (0x12B)
[1218/134258.647:ERROR:process_memory_win.cc(73)] ReadMemory at 0x19590ca4990 of 132 bytes failed: Only part of a ReadProcessMemory or WriteProcessMemory request was completed. (0x12B)
[1218/134258.647:ERROR:process_memory_win.cc(73)] ReadMemory at 0x19590ca5310 of 132 bytes failed: Only part of a ReadProcessMemory or WriteProcessMemory request was completed. (0x12B)
[1218/134258.647:ERROR:process_memory_win.cc(73)] ReadMemory at 0x19590ca5ae0 of 132 bytes failed: Only part of a ReadProcessMemory or WriteProcessMemory request was completed. (0x12B)
[1218/134258.647:ERROR:process_memory_win.cc(73)] ReadMemory at 0x19590ca9b80 of 54 bytes failed: Only part of a ReadProcessMemory or WriteProcessMemory request was completed. (0x12B)
[1218/134258.648:ERROR:process_memory_win.cc(73)] ReadMemory at 0x19590caaa00 of 132 bytes failed: Only part of a ReadProcessMemory or WriteProcessMemory request was completed. (0x12B)
[1218/134258.648:ERROR:process_memory_win.cc(73)] ReadMemory at 0x19590caac70 of 132 bytes failed: Only part of a ReadProcessMemory or WriteProcessMemory request was completed. (0x12B)
[1218/134258.648:ERROR:process_memory_win.cc(73)] ReadMemory at 0x19590caada0 of 132 bytes failed: Only part of a ReadProcessMemory or WriteProcessMemory request was completed. (0x12B)
[1218/134258.648:ERROR:process_memory_win.cc(73)] ReadMemory at 0x19590cab7d0 of 512 bytes failed: Only part of a ReadProcessMemory or WriteProcessMemory request was completed. (0x12B)
[1218/134258.648:ERROR:process_memory_win.cc(73)] ReadMemory at 0x19590cabed0 of 132 bytes failed: Only part of a ReadProcessMemory or WriteProcessMemory request was completed. (0x12B)
[1218/134258.649:ERROR:process_memory_win.cc(73)] ReadMemory at 0x19590cac390 of 132 bytes failed: Only part of a ReadProcessMemory or WriteProcessMemory request was completed. (0x12B)
[1218/134258.649:ERROR:process_memory_win.cc(73)] ReadMemory at 0x19590cac5f0 of 132 bytes failed: Only part of a ReadProcessMemory or WriteProcessMemory request was completed. (0x12B)
[1218/134258.649:ERROR:process_memory_win.cc(73)] ReadMemory at 0x19590cac980 of 132 bytes failed: Only part of a ReadProcessMemory or WriteProcessMemory request was completed. (0x12B)
[1218/134258.649:ERROR:process_memory_win.cc(73)] ReadMemory at 0x19590cacab0 of 132 bytes failed: Only part of a ReadProcessMemory or WriteProcessMemory request was completed. (0x12B)
[1218/134258.649:ERROR:process_memory_win.cc(73)] ReadMemory at 0x19590cacbe0 of 132 bytes failed: Only part of a ReadProcessMemory or WriteProcessMemory request was completed. (0x12B)
[1218/134258.712:ERROR:process_memory_win.cc(73)] ReadMemory at 0x19590cad0a0 of 132 bytes failed: Only part of a ReadProcessMemory or WriteProcessMemory request was completed. (0x12B)
[1218/134258.712:ERROR:process_memory_win.cc(73)] ReadMemory at 0x19590cad430 of 132 bytes failed: Only part of a ReadProcessMemory or WriteProcessMemory request was completed. (0x12B)
[1218/134258.712:ERROR:process_memory_win.cc(73)] ReadMemory at 0x19590cad7c0 of 132 bytes failed: Only part of a ReadProcessMemory or WriteProcessMemory request was completed. (0x12B)
[1218/134258.713:ERROR:process_memory_win.cc(73)] ReadMemory at 0x19590cc1c40 of 512 bytes failed: Only part of a ReadProcessMemory or WriteProcessMemory request was completed. (0x12B)
[1218/134258.713:ERROR:process_memory_win.cc(73)] ReadMemory at 0x195911b0ea0 of 512 bytes failed: Only part of a ReadProcessMemory or WriteProcessMemory request was completed. (0x12B)
[1218/134258.713:ERROR:process_memory_win.cc(73)] ReadMemory at 0x195911b3c68 of 512 bytes failed: Only part of a ReadProcessMemory or WriteProcessMemory request was completed. (0x12B)
[1218/134258.713:ERROR:process_memory_win.cc(73)] ReadMemory at 0x195911b5870 of 576 bytes failed: Only part of a ReadProcessMemory or WriteProcessMemory request was completed. (0x12B)
[1218/134258.713:ERROR:process_memory_win.cc(73)] ReadMemory at 0x195911d16e0 of 712 bytes failed: Only part of a ReadProcessMemory or WriteProcessMemory request was completed. (0x12B)
[1218/134258.714:ERROR:process_memory_win.cc(73)] ReadMemory at 0x195911e6768 of 656 bytes failed: Only part of a ReadProcessMemory or WriteProcessMemory request was completed. (0x12B)
[1218/134258.714:ERROR:process_memory_win.cc(73)] ReadMemory at 0x195911e6c78 of 512 bytes failed: Only part of a ReadProcessMemory or WriteProcessMemory request was completed. (0x12B)
[1218/134258.714:ERROR:process_memory_win.cc(73)] ReadMemory at 0x195912f02a4 of 512 bytes failed: Only part of a ReadProcessMemory or WriteProcessMemory request was completed. (0x12B)
[1218/134258.714:ERROR:process_memory_win.cc(73)] ReadMemory at 0x195930b9d50 of 512 bytes failed: Only part of a ReadProcessMemory or WriteProcessMemory request was completed. (0x12B)
[1218/134258.715:ERROR:process_memory_win.cc(73)] ReadMemory at 0x195936bba26 of 512 bytes failed: Only part of a ReadProcessMemory or WriteProcessMemory request was completed. (0x12B)
[1218/134258.715:ERROR:process_memory_win.cc(73)] ReadMemory at 0x19594d0e880 of 512 bytes failed: Only part of a ReadProcessMemory or WriteProcessMemory request was completed. (0x12B)
[1218/134258.715:ERROR:process_memory_win.cc(73)] ReadMemory at 0x195953327a0 of 512 bytes failed: Only part of a ReadProcessMemory or WriteProcessMemory request was completed. (0x12B)
[1218/134258.715:ERROR:process_memory_win.cc(73)] ReadMemory at 0x19595a4a630 of 512 bytes failed: Only part of a ReadProcessMemory or WriteProcessMemory request was completed. (0x12B)
[1218/134258.715:ERROR:process_memory_win.cc(73)] ReadMemory at 0x19596e99300 of 512 bytes failed: Only part of a ReadProcessMemory or WriteProcessMemory request was completed. (0x12B)
[1218/134258.779:ERROR:scoped_process_suspend.cc(40)] NtResumeProcess: An attempt was made to access an exiting process. (0xc000010a)
